2025-03-04 00:07:16.4954 | INFO | Microsoft.Hosting.Lifetime | Application is shutting down...
2025-03-04 00:08:57.2849 | INFO | HelloGreetingApplication.Program | Application is starting...
2025-03-04 00:08:57.6623 | INFO | Microsoft.Hosting.Lifetime | Now listening on: https://localhost:7016
2025-03-04 00:08:57.6688 | INFO | Microsoft.Hosting.Lifetime | Now listening on: http://localhost:5286
2025-03-04 00:08:57.7063 | INFO | Microsoft.Hosting.Lifetime | Application started. Press Ctrl+C to shut down.
2025-03-04 00:08:57.7063 | INFO | Microsoft.Hosting.Lifetime | Hosting environment: Development
2025-03-04 00:08:57.7063 | INFO | Microsoft.Hosting.Lifetime | Content root path: C:\Users\DELL\Desktop\uc2\GreetingApp_2115800005\HelloGreetingApplication\
2025-03-04 00:08:58.2049 | INFO | Microsoft.AspNetCore.Hosting.Diagnostics | Request starting HTTP/2 GET https://localhost:7016/swagger/index.html - -
2025-03-04 00:08:58.3575 | INFO | Microsoft.AspNetCore.Hosting.Diagnostics | Request finished HTTP/2 GET https://localhost:7016/swagger/index.html - - - 200 - text/html;charset=utf-8 153.3836ms
2025-03-04 00:08:58.3849 | INFO | Microsoft.AspNetCore.Hosting.Diagnostics | Request starting HTTP/2 GET https://localhost:7016/swagger/index.js - -
2025-03-04 00:08:58.3849 | INFO | Microsoft.AspNetCore.Hosting.Diagnostics | Request starting HTTP/2 GET https://localhost:7016/_vs/browserLink - -
2025-03-04 00:08:58.3849 | INFO | Microsoft.AspNetCore.Hosting.Diagnostics | Request starting HTTP/2 GET https://localhost:7016/_framework/aspnetcore-browser-refresh.js - -
2025-03-04 00:08:58.3849 | INFO | Microsoft.AspNetCore.Hosting.Diagnostics | Request finished HTTP/2 GET https://localhost:7016/swagger/index.js - - - 200 - application/javascript;charset=utf-8 2.6462ms
2025-03-04 00:08:58.3849 | INFO | Microsoft.AspNetCore.Hosting.Diagnostics | Request finished HTTP/2 GET https://localhost:7016/_framework/aspnetcore-browser-refresh.js - - - 200 12379 application/javascript;+charset=utf-8 4.3089ms
2025-03-04 00:08:58.4224 | INFO | Microsoft.AspNetCore.Hosting.Diagnostics | Request finished HTTP/2 GET https://localhost:7016/_vs/browserLink - - - 200 - text/javascript;+charset=UTF-8 37.4077ms
2025-03-04 00:08:58.5573 | INFO | Microsoft.AspNetCore.Hosting.Diagnostics | Request starting HTTP/2 GET https://localhost:7016/swagger/v1/swagger.json - -
2025-03-04 00:08:58.5573 | ERROR | Microsoft.AspNetCore.Diagnostics.DeveloperExceptionPageMiddleware | An unhandled exception has occurred while executing the request.
2025-03-04 00:08:58.5750 | INFO | Microsoft.AspNetCore.Hosting.Diagnostics | Request finished HTTP/2 GET https://localhost:7016/swagger/v1/swagger.json - - - 500 - text/plain;+charset=utf-8 17.6337ms
2025-03-04 00:09:05.2374 | INFO | Microsoft.Hosting.Lifetime | Application is shutting down...
2025-03-04 00:09:14.3533 | INFO | HelloGreetingApplication.Program | Application is starting...
2025-03-04 00:09:14.6355 | INFO | Microsoft.Hosting.Lifetime | Now listening on: https://localhost:7016
2025-03-04 00:09:14.6355 | INFO | Microsoft.Hosting.Lifetime | Now listening on: http://localhost:5286
2025-03-04 00:09:14.6743 | INFO | Microsoft.Hosting.Lifetime | Application started. Press Ctrl+C to shut down.
2025-03-04 00:09:14.6743 | INFO | Microsoft.Hosting.Lifetime | Hosting environment: Development
2025-03-04 00:09:14.6743 | INFO | Microsoft.Hosting.Lifetime | Content root path: C:\Users\DELL\Desktop\uc2\GreetingApp_2115800005\HelloGreetingApplication\
2025-03-04 00:09:14.9297 | INFO | Microsoft.AspNetCore.Hosting.Diagnostics | Request starting HTTP/2 GET https://localhost:7016/HelloGreeting - -
2025-03-04 00:09:15.0704 | ERROR | Microsoft.AspNetCore.Diagnostics.DeveloperExceptionPageMiddleware | An unhandled exception has occurred while executing the request.
2025-03-04 00:09:15.1034 | INFO | Microsoft.AspNetCore.Hosting.Diagnostics | Request finished HTTP/2 GET https://localhost:7016/HelloGreeting - - - 500 - text/html;+charset=utf-8 177.4995ms
2025-03-04 00:09:15.1333 | INFO | Microsoft.AspNetCore.Hosting.Diagnostics | Request starting HTTP/2 GET https://localhost:7016/_vs/browserLink - -
2025-03-04 00:09:15.1333 | INFO | Microsoft.AspNetCore.Hosting.Diagnostics | Request starting HTTP/2 GET https://localhost:7016/_framework/aspnetcore-browser-refresh.js - -
2025-03-04 00:09:15.1377 | INFO | Microsoft.AspNetCore.Hosting.Diagnostics | Request finished HTTP/2 GET https://localhost:7016/_framework/aspnetcore-browser-refresh.js - - - 200 12379 application/javascript;+charset=utf-8 4.3003ms
2025-03-04 00:09:15.1990 | INFO | Microsoft.AspNetCore.Hosting.Diagnostics | Request finished HTTP/2 GET https://localhost:7016/_vs/browserLink - - - 200 - text/javascript;+charset=UTF-8 65.6731ms
2025-03-04 00:10:56.5664 | INFO | HelloGreetingApplication.Program | Application is starting...
2025-03-04 00:10:56.8548 | INFO | Microsoft.Hosting.Lifetime | Now listening on: https://localhost:7016
2025-03-04 00:10:56.8548 | INFO | Microsoft.Hosting.Lifetime | Now listening on: http://localhost:5286
2025-03-04 00:10:56.9165 | INFO | Microsoft.Hosting.Lifetime | Application started. Press Ctrl+C to shut down.
2025-03-04 00:10:56.9165 | INFO | Microsoft.Hosting.Lifetime | Hosting environment: Development
2025-03-04 00:10:56.9165 | INFO | Microsoft.Hosting.Lifetime | Content root path: C:\Users\DELL\Desktop\uc2\GreetingApp_2115800005\HelloGreetingApplication\
2025-03-04 00:10:57.3396 | INFO | Microsoft.AspNetCore.Hosting.Diagnostics | Request starting HTTP/2 GET https://localhost:7016/HelloGreeting - -
2025-03-04 00:10:57.4652 | INFO | Microsoft.AspNetCore.Routing.EndpointMiddleware | Executing endpoint 'HelloGreetingApplication.Controllers.HelloGreetingController.Get (HelloGreetingApplication)'
2025-03-04 00:10:57.4801 | INFO | Microsoft.AspNetCore.Mvc.Infrastructure.ControllerActionInvoker | Route matched with {action = "Get", controller = "HelloGreeting"}. Executing controller action with signature Microsoft.AspNetCore.Mvc.IActionResult Get() on controller HelloGreetingApplication.Controllers.HelloGreetingController (HelloGreetingApplication).
2025-03-04 00:10:57.4801 | INFO | HelloGreetingApplication.Controllers.HelloGreetingController | GET request received.
2025-03-04 00:10:57.4801 | INFO | HelloGreetingApplication.Controllers.HelloGreetingController | GET response: {"Success":true, "Message":"Hello to Greeting App API Endpoint", "Data":"Hello World"}
2025-03-04 00:10:57.5128 | INFO | Microsoft.AspNetCore.Mvc.Infrastructure.ObjectResultExecutor | Executing OkObjectResult, writing value of type 'ModelLayer.Model.ResponseModel`1[[System.String, System.Private.CoreLib, Version=6.0.0.0, Culture=neutral, PublicKeyToken=7cec85d7bea7798e]]'.
2025-03-04 00:10:57.5267 | INFO | Microsoft.AspNetCore.Mvc.Infrastructure.ControllerActionInvoker | Executed action HelloGreetingApplication.Controllers.HelloGreetingController.Get (HelloGreetingApplication) in 41.2981ms
2025-03-04 00:10:57.5267 | INFO | Microsoft.AspNetCore.Routing.EndpointMiddleware | Executed endpoint 'HelloGreetingApplication.Controllers.HelloGreetingController.Get (HelloGreetingApplication)'
2025-03-04 00:10:57.5267 | INFO | Microsoft.AspNetCore.Hosting.Diagnostics | Request finished HTTP/2 GET https://localhost:7016/HelloGreeting - - - 200 - application/json;+charset=utf-8 194.8854ms
2025-03-04 00:11:22.1466 | INFO | Microsoft.AspNetCore.Hosting.Diagnostics | Request starting HTTP/2 GET https://localhost:7016/HelloGreeting/Greetings - -
2025-03-04 00:11:22.1569 | INFO | Microsoft.AspNetCore.Routing.EndpointMiddleware | Executing endpoint 'HelloGreetingApplication.Controllers.HelloGreetingController.Greeting (HelloGreetingApplication)'
2025-03-04 00:11:22.1569 | INFO | Microsoft.AspNetCore.Mvc.Infrastructure.ControllerActionInvoker | Route matched with {action = "Greeting", controller = "HelloGreeting"}. Executing controller action with signature Microsoft.AspNetCore.Mvc.IActionResult Greeting() on controller HelloGreetingApplication.Controllers.HelloGreetingController (HelloGreetingApplication).
2025-03-04 00:11:22.1569 | INFO | HelloGreetingApplication.Controllers.HelloGreetingController | GET request received.
2025-03-04 00:11:22.1569 | INFO | HelloGreetingApplication.Controllers.HelloGreetingController | GET response: "Hello World"
2025-03-04 00:11:22.1569 | INFO | Microsoft.AspNetCore.Mvc.Infrastructure.ObjectResultExecutor | Executing OkObjectResult, writing value of type 'System.String'.
2025-03-04 00:11:22.1647 | INFO | Microsoft.AspNetCore.Mvc.Infrastructure.ControllerActionInvoker | Executed action HelloGreetingApplication.Controllers.HelloGreetingController.Greeting (HelloGreetingApplication) in 2.4299ms
2025-03-04 00:11:22.1647 | INFO | Microsoft.AspNetCore.Routing.EndpointMiddleware | Executed endpoint 'HelloGreetingApplication.Controllers.HelloGreetingController.Greeting (HelloGreetingApplication)'
2025-03-04 00:11:22.1647 | INFO | Microsoft.AspNetCore.Hosting.Diagnostics | Request finished HTTP/2 GET https://localhost:7016/HelloGreeting/Greetings - - - 200 - text/plain;+charset=utf-8 18.7106ms
2025-03-04 00:11:44.0941 | INFO | Microsoft.AspNetCore.Hosting.Diagnostics | Request starting HTTP/2 GET https://localhost:7016/swagger/index.html - -
2025-03-04 00:11:44.2887 | INFO | Microsoft.AspNetCore.Hosting.Diagnostics | Request finished HTTP/2 GET https://localhost:7016/swagger/index.html - - - 200 - text/html;charset=utf-8 194.5328ms
2025-03-04 00:11:44.3341 | INFO | Microsoft.AspNetCore.Hosting.Diagnostics | Request starting HTTP/2 GET https://localhost:7016/_framework/aspnetcore-browser-refresh.js - -
2025-03-04 00:11:44.3341 | INFO | Microsoft.AspNetCore.Hosting.Diagnostics | Request starting HTTP/2 GET https://localhost:7016/swagger/index.js - -
2025-03-04 00:11:44.3341 | INFO | Microsoft.AspNetCore.Hosting.Diagnostics | Request starting HTTP/2 GET https://localhost:7016/_vs/browserLink - -
2025-03-04 00:11:44.3393 | INFO | Microsoft.AspNetCore.Hosting.Diagnostics | Request finished HTTP/2 GET https://localhost:7016/swagger/index.js - - - 200 - application/javascript;charset=utf-8 4.1823ms
2025-03-04 00:11:44.3393 | INFO | Microsoft.AspNetCore.Hosting.Diagnostics | Request finished HTTP/2 GET https://localhost:7016/_framework/aspnetcore-browser-refresh.js - - - 200 12379 application/javascript;+charset=utf-8 16.3018ms
2025-03-04 00:11:44.4396 | INFO | Microsoft.AspNetCore.Hosting.Diagnostics | Request finished HTTP/2 GET https://localhost:7016/_vs/browserLink - - - 200 - text/javascript;+charset=UTF-8 104.4009ms
2025-03-04 00:11:44.7576 | INFO | Microsoft.AspNetCore.Hosting.Diagnostics | Request starting HTTP/2 GET https://localhost:7016/swagger/v1/swagger.json - -
2025-03-04 00:11:44.7683 | INFO | Microsoft.AspNetCore.Hosting.Diagnostics | Request finished HTTP/2 GET https://localhost:7016/swagger/v1/swagger.json - - - 200 - application/json;charset=utf-8 10.6742ms
2025-03-04 00:11:55.8955 | INFO | Microsoft.AspNetCore.Hosting.Diagnostics | Request starting HTTP/2 GET https://localhost:7016/HelloGreeting/Greetings - -
2025-03-04 00:11:55.9019 | INFO | Microsoft.AspNetCore.Routing.EndpointMiddleware | Executing endpoint 'HelloGreetingApplication.Controllers.HelloGreetingController.Greeting (HelloGreetingApplication)'
2025-03-04 00:11:55.9019 | INFO | Microsoft.AspNetCore.Mvc.Infrastructure.ControllerActionInvoker | Route matched with {action = "Greeting", controller = "HelloGreeting"}. Executing controller action with signature Microsoft.AspNetCore.Mvc.IActionResult Greeting() on controller HelloGreetingApplication.Controllers.HelloGreetingController (HelloGreetingApplication).
2025-03-04 00:11:55.9019 | INFO | HelloGreetingApplication.Controllers.HelloGreetingController | GET request received.
2025-03-04 00:11:55.9019 | INFO | HelloGreetingApplication.Controllers.HelloGreetingController | GET response: "Hello World"
2025-03-04 00:11:55.9019 | INFO | Microsoft.AspNetCore.Mvc.Infrastructure.ObjectResultExecutor | Executing OkObjectResult, writing value of type 'System.String'.
2025-03-04 00:11:55.9155 | INFO | Microsoft.AspNetCore.Mvc.Infrastructure.ControllerActionInvoker | Executed action HelloGreetingApplication.Controllers.HelloGreetingController.Greeting (HelloGreetingApplication) in 12.433ms
2025-03-04 00:11:55.9155 | INFO | Microsoft.AspNetCore.Routing.EndpointMiddleware | Executed endpoint 'HelloGreetingApplication.Controllers.HelloGreetingController.Greeting (HelloGreetingApplication)'
2025-03-04 00:11:55.9155 | INFO | Microsoft.AspNetCore.Hosting.Diagnostics | Request finished HTTP/2 GET https://localhost:7016/HelloGreeting/Greetings - - - 200 - text/plain;+charset=utf-8 21.4210ms
2025-03-04 00:12:24.6589 | INFO | Microsoft.Hosting.Lifetime | Application is shutting down...
2025-03-04 00:14:49.1960 | INFO | HelloGreetingApplication.Program | Application is starting...
2025-03-04 00:14:49.8103 | INFO | Microsoft.Hosting.Lifetime | Now listening on: https://localhost:7016
2025-03-04 00:14:49.8103 | INFO | Microsoft.Hosting.Lifetime | Now listening on: http://localhost:5286
2025-03-04 00:14:49.8704 | INFO | Microsoft.Hosting.Lifetime | Application started. Press Ctrl+C to shut down.
2025-03-04 00:14:49.8704 | INFO | Microsoft.Hosting.Lifetime | Hosting environment: Development
2025-03-04 00:14:49.8704 | INFO | Microsoft.Hosting.Lifetime | Content root path: C:\Users\DELL\Desktop\uc2\GreetingApp_2115800005\HelloGreetingApplication\
2025-03-04 00:14:51.4441 | INFO | Microsoft.AspNetCore.Hosting.Diagnostics | Request starting HTTP/2 GET https://localhost:7016/swagger/index.html - -
2025-03-04 00:14:51.7728 | INFO | Microsoft.AspNetCore.Hosting.Diagnostics | Request finished HTTP/2 GET https://localhost:7016/swagger/index.html - - - 200 - text/html;charset=utf-8 332.0002ms
2025-03-04 00:14:51.8405 | INFO | Microsoft.AspNetCore.Hosting.Diagnostics | Request starting HTTP/2 GET https://localhost:7016/_framework/aspnetcore-browser-refresh.js - -
2025-03-04 00:14:51.8405 | INFO | Microsoft.AspNetCore.Hosting.Diagnostics | Request starting HTTP/2 GET https://localhost:7016/_vs/browserLink - -
2025-03-04 00:14:51.8405 | INFO | Microsoft.AspNetCore.Hosting.Diagnostics | Request starting HTTP/2 GET https://localhost:7016/swagger/index.js - -
2025-03-04 00:14:51.8405 | INFO | Microsoft.AspNetCore.Hosting.Diagnostics | Request finished HTTP/2 GET https://localhost:7016/swagger/index.js - - - 200 - application/javascript;charset=utf-8 5.7634ms
2025-03-04 00:14:51.8636 | INFO | Microsoft.AspNetCore.Hosting.Diagnostics | Request finished HTTP/2 GET https://localhost:7016/_framework/aspnetcore-browser-refresh.js - - - 200 12379 application/javascript;+charset=utf-8 22.6685ms
2025-03-04 00:14:51.9400 | INFO | Microsoft.AspNetCore.Hosting.Diagnostics | Request finished HTTP/2 GET https://localhost:7016/_vs/browserLink - - - 200 - text/javascript;+charset=UTF-8 98.2828ms
2025-03-04 00:14:52.1075 | INFO | Microsoft.AspNetCore.Hosting.Diagnostics | Request starting HTTP/2 GET https://localhost:7016/swagger/v1/swagger.json - -
2025-03-04 00:14:52.1260 | INFO | Microsoft.AspNetCore.Hosting.Diagnostics | Request finished HTTP/2 GET https://localhost:7016/swagger/v1/swagger.json - - - 200 - application/json;charset=utf-8 18.4064ms
2025-03-04 00:14:58.7622 | INFO | Microsoft.AspNetCore.Hosting.Diagnostics | Request starting HTTP/2 GET https://localhost:7016/HelloGreeting/Greetings - -
2025-03-04 00:14:58.8284 | INFO | Microsoft.AspNetCore.Routing.EndpointMiddleware | Executing endpoint 'HelloGreetingApplication.Controllers.HelloGreetingController.Greeting (HelloGreetingApplication)'
2025-03-04 00:14:58.8447 | INFO | Microsoft.AspNetCore.Mvc.Infrastructure.ControllerActionInvoker | Route matched with {action = "Greeting", controller = "HelloGreeting"}. Executing controller action with signature Microsoft.AspNetCore.Mvc.IActionResult Greeting() on controller HelloGreetingApplication.Controllers.HelloGreetingController (HelloGreetingApplication).
2025-03-04 00:14:58.8545 | INFO | HelloGreetingApplication.Controllers.HelloGreetingController | GET request received.
2025-03-04 00:14:58.8545 | INFO | HelloGreetingApplication.Controllers.HelloGreetingController | GET response: "Hello World"
2025-03-04 00:14:58.8859 | INFO | Microsoft.AspNetCore.Mvc.Infrastructure.ObjectResultExecutor | Executing OkObjectResult, writing value of type 'System.String'.
2025-03-04 00:14:58.8859 | INFO | Microsoft.AspNetCore.Mvc.Infrastructure.ControllerActionInvoker | Executed action HelloGreetingApplication.Controllers.HelloGreetingController.Greeting (HelloGreetingApplication) in 44.703ms
2025-03-04 00:14:58.8859 | INFO | Microsoft.AspNetCore.Routing.EndpointMiddleware | Executed endpoint 'HelloGreetingApplication.Controllers.HelloGreetingController.Greeting (HelloGreetingApplication)'
2025-03-04 00:14:58.8859 | INFO | Microsoft.AspNetCore.Hosting.Diagnostics | Request finished HTTP/2 GET https://localhost:7016/HelloGreeting/Greetings - - - 200 - text/plain;+charset=utf-8 145.3906ms
2025-03-04 00:17:41.8861 | INFO | Microsoft.AspNetCore.Hosting.Diagnostics | Request starting HTTP/2 GET https://localhost:7016/swagger/index.html - -
2025-03-04 00:17:41.9039 | INFO | Microsoft.AspNetCore.Hosting.Diagnostics | Request finished HTTP/2 GET https://localhost:7016/swagger/index.html - - - 200 - text/html;charset=utf-8 17.7361ms
2025-03-04 00:17:41.9395 | INFO | Microsoft.AspNetCore.Hosting.Diagnostics | Request starting HTTP/2 GET https://localhost:7016/swagger/index.js - -
2025-03-04 00:17:41.9395 | INFO | Microsoft.AspNetCore.Hosting.Diagnostics | Request starting HTTP/2 GET https://localhost:7016/_framework/aspnetcore-browser-refresh.js - -
2025-03-04 00:17:41.9496 | INFO | Microsoft.AspNetCore.Hosting.Diagnostics | Request finished HTTP/2 GET https://localhost:7016/swagger/index.js - - - 200 - application/javascript;charset=utf-8 9.9985ms
2025-03-04 00:17:41.9496 | INFO | Microsoft.AspNetCore.Hosting.Diagnostics | Request finished HTTP/2 GET https://localhost:7016/_framework/aspnetcore-browser-refresh.js - - - 200 12379 application/javascript;+charset=utf-8 7.7801ms
2025-03-04 00:17:41.9496 | INFO | Microsoft.AspNetCore.Hosting.Diagnostics | Request starting HTTP/2 GET https://localhost:7016/_vs/browserLink - -
2025-03-04 00:17:41.9652 | INFO | Microsoft.AspNetCore.Hosting.Diagnostics | Request finished HTTP/2 GET https://localhost:7016/_vs/browserLink - - - 200 - text/javascript;+charset=UTF-8 14.2140ms
2025-03-04 00:17:42.2877 | INFO | Microsoft.AspNetCore.Hosting.Diagnostics | Request starting HTTP/2 GET https://localhost:7016/swagger/v1/swagger.json - -
2025-03-04 00:17:42.2926 | INFO | Microsoft.AspNetCore.Hosting.Diagnostics | Request finished HTTP/2 GET https://localhost:7016/swagger/v1/swagger.json - - - 200 - application/json;charset=utf-8 4.8566ms
2025-03-04 00:17:48.6916 | INFO | Microsoft.Hosting.Lifetime | Application is shutting down...
2025-03-04 00:17:52.8884 | INFO | HelloGreetingApplication.Program | Application is starting...
2025-03-04 00:17:53.2452 | INFO | Microsoft.Hosting.Lifetime | Now listening on: https://localhost:7016
2025-03-04 00:17:53.2452 | INFO | Microsoft.Hosting.Lifetime | Now listening on: http://localhost:5286
2025-03-04 00:17:53.2976 | INFO | Microsoft.Hosting.Lifetime | Application started. Press Ctrl+C to shut down.
2025-03-04 00:17:53.2976 | INFO | Microsoft.Hosting.Lifetime | Hosting environment: Development
2025-03-04 00:17:53.2976 | INFO | Microsoft.Hosting.Lifetime | Content root path: C:\Users\DELL\Desktop\uc2\GreetingApp_2115800005\HelloGreetingApplication\
2025-03-04 00:17:53.6439 | INFO | Microsoft.AspNetCore.Hosting.Diagnostics | Request starting HTTP/2 GET https://localhost:7016/swagger/index.html - -
2025-03-04 00:17:53.8141 | INFO | Microsoft.AspNetCore.Hosting.Diagnostics | Request finished HTTP/2 GET https://localhost:7016/swagger/index.html - - - 200 - text/html;charset=utf-8 171.5147ms
2025-03-04 00:17:53.8327 | INFO | Microsoft.AspNetCore.Hosting.Diagnostics | Request starting HTTP/2 GET https://localhost:7016/_framework/aspnetcore-browser-refresh.js - -
2025-03-04 00:17:53.8327 | INFO | Microsoft.AspNetCore.Hosting.Diagnostics | Request starting HTTP/2 GET https://localhost:7016/swagger/index.js - -
2025-03-04 00:17:53.8327 | INFO | Microsoft.AspNetCore.Hosting.Diagnostics | Request starting HTTP/2 GET https://localhost:7016/_vs/browserLink - -
2025-03-04 00:17:53.8367 | INFO | Microsoft.AspNetCore.Hosting.Diagnostics | Request finished HTTP/2 GET https://localhost:7016/_framework/aspnetcore-browser-refresh.js - - - 200 12379 application/javascript;+charset=utf-8 3.9298ms
2025-03-04 00:17:53.8367 | INFO | Microsoft.AspNetCore.Hosting.Diagnostics | Request finished HTTP/2 GET https://localhost:7016/swagger/index.js - - - 200 - application/javascript;charset=utf-8 4.4980ms
2025-03-04 00:17:53.8768 | INFO | Microsoft.AspNetCore.Hosting.Diagnostics | Request finished HTTP/2 GET https://localhost:7016/_vs/browserLink - - - 200 - text/javascript;+charset=UTF-8 44.0197ms
2025-03-04 00:17:53.9871 | INFO | Microsoft.AspNetCore.Hosting.Diagnostics | Request starting HTTP/2 GET https://localhost:7016/swagger/v1/swagger.json - -
2025-03-04 00:17:53.9939 | INFO | Microsoft.AspNetCore.Hosting.Diagnostics | Request finished HTTP/2 GET https://localhost:7016/swagger/v1/swagger.json - - - 200 - application/json;charset=utf-8 6.4477ms
2025-03-04 00:18:05.7304 | INFO | Microsoft.Hosting.Lifetime | Application is shutting down...
2025-03-04 00:18:18.3828 | INFO | HelloGreetingApplication.Program | Application is starting...
2025-03-04 00:18:18.6801 | INFO | Microsoft.Hosting.Lifetime | Now listening on: https://localhost:7016
2025-03-04 00:18:18.6869 | INFO | Microsoft.Hosting.Lifetime | Now listening on: http://localhost:5286
2025-03-04 00:18:18.7290 | INFO | Microsoft.Hosting.Lifetime | Application started. Press Ctrl+C to shut down.
2025-03-04 00:18:18.7290 | INFO | Microsoft.Hosting.Lifetime | Hosting environment: Development
2025-03-04 00:18:18.7290 | INFO | Microsoft.Hosting.Lifetime | Content root path: C:\Users\DELL\Desktop\uc2\GreetingApp_2115800005\HelloGreetingApplication\
2025-03-04 00:18:53.6819 | INFO | Microsoft.Hosting.Lifetime | Application is shutting down...
2025-03-04 00:19:09.3065 | INFO | HelloGreetingApplication.Program | Application is starting...
2025-03-04 00:19:09.5728 | INFO | Microsoft.Hosting.Lifetime | Now listening on: https://localhost:7016
2025-03-04 00:19:09.5728 | INFO | Microsoft.Hosting.Lifetime | Now listening on: http://localhost:5286
2025-03-04 00:19:09.6125 | INFO | Microsoft.Hosting.Lifetime | Application started. Press Ctrl+C to shut down.
2025-03-04 00:19:09.6125 | INFO | Microsoft.Hosting.Lifetime | Hosting environment: Development
2025-03-04 00:19:09.6125 | INFO | Microsoft.Hosting.Lifetime | Content root path: C:\Users\DELL\Desktop\uc2\GreetingApp_2115800005\HelloGreetingApplication\
2025-03-04 00:19:09.8618 | INFO | Microsoft.AspNetCore.Hosting.Diagnostics | Request starting HTTP/2 GET https://localhost:7016/swagger/index.html - -
2025-03-04 00:19:10.0611 | INFO | Microsoft.AspNetCore.Hosting.Diagnostics | Request finished HTTP/2 GET https://localhost:7016/swagger/index.html - - - 200 - text/html;charset=utf-8 201.1223ms
2025-03-04 00:19:10.1030 | INFO | Microsoft.AspNetCore.Hosting.Diagnostics | Request starting HTTP/2 GET https://localhost:7016/_vs/browserLink - -
2025-03-04 00:19:10.1030 | INFO | Microsoft.AspNetCore.Hosting.Diagnostics | Request starting HTTP/2 GET https://localhost:7016/_framework/aspnetcore-browser-refresh.js - -
2025-03-04 00:19:10.1030 | INFO | Microsoft.AspNetCore.Hosting.Diagnostics | Request starting HTTP/2 GET https://localhost:7016/swagger/index.js - -
2025-03-04 00:19:10.1030 | INFO | Microsoft.AspNetCore.Hosting.Diagnostics | Request finished HTTP/2 GET https://localhost:7016/swagger/index.js - - - 200 - application/javascript;charset=utf-8 3.4484ms
2025-03-04 00:19:10.1030 | INFO | Microsoft.AspNetCore.Hosting.Diagnostics | Request finished HTTP/2 GET https://localhost:7016/_framework/aspnetcore-browser-refresh.js - - - 200 12379 application/javascript;+charset=utf-8 5.5706ms
2025-03-04 00:19:10.1496 | INFO | Microsoft.AspNetCore.Hosting.Diagnostics | Request finished HTTP/2 GET https://localhost:7016/_vs/browserLink - - - 200 - text/javascript;+charset=UTF-8 46.5481ms
2025-03-04 00:19:10.2460 | INFO | Microsoft.AspNetCore.Hosting.Diagnostics | Request starting HTTP/2 GET https://localhost:7016/swagger/v1/swagger.json - -
2025-03-04 00:19:10.2460 | INFO | Microsoft.AspNetCore.Hosting.Diagnostics | Request finished HTTP/2 GET https://localhost:7016/swagger/v1/swagger.json - - - 200 - application/json;charset=utf-8 5.4606ms
2025-03-04 00:19:36.0369 | INFO | Microsoft.Hosting.Lifetime | Application is shutting down...
2025-03-04 21:59:42.3848 | INFO | HelloGreetingApplication.Program | Application is starting...
2025-03-04 21:59:42.9882 | INFO | Microsoft.Hosting.Lifetime | Now listening on: https://localhost:7016
2025-03-04 21:59:42.9948 | INFO | Microsoft.Hosting.Lifetime | Now listening on: http://localhost:5286
2025-03-04 21:59:43.0550 | INFO | Microsoft.Hosting.Lifetime | Application started. Press Ctrl+C to shut down.
2025-03-04 21:59:43.0566 | INFO | Microsoft.Hosting.Lifetime | Hosting environment: Development
2025-03-04 21:59:43.0566 | INFO | Microsoft.Hosting.Lifetime | Content root path: C:\Users\DELL\Desktop\uc2\GreetingApp_2115800005\HelloGreetingApplication\
2025-03-04 21:59:44.0057 | INFO | Microsoft.AspNetCore.Hosting.Diagnostics | Request starting HTTP/2 GET https://localhost:7016/swagger - -
2025-03-04 21:59:44.2876 | INFO | Microsoft.AspNetCore.Hosting.Diagnostics | Request finished HTTP/2 GET https://localhost:7016/swagger - - - 301 0 - 285.7962ms
2025-03-04 21:59:44.3070 | INFO | Microsoft.AspNetCore.Hosting.Diagnostics | Request starting HTTP/2 GET https://localhost:7016/swagger/index.html - -
2025-03-04 21:59:44.3791 | INFO | Microsoft.AspNetCore.Hosting.Diagnostics | Request finished HTTP/2 GET https://localhost:7016/swagger/index.html - - - 200 - text/html;charset=utf-8 72.0806ms
2025-03-04 21:59:44.4432 | INFO | Microsoft.AspNetCore.Hosting.Diagnostics | Request starting HTTP/2 GET https://localhost:7016/swagger/swagger-ui-standalone-preset.js - -
2025-03-04 21:59:44.4432 | INFO | Microsoft.AspNetCore.Hosting.Diagnostics | Request starting HTTP/2 GET https://localhost:7016/swagger/index.css - -
2025-03-04 21:59:44.4432 | INFO | Microsoft.AspNetCore.Hosting.Diagnostics | Request starting HTTP/2 GET https://localhost:7016/_framework/aspnetcore-browser-refresh.js - -
2025-03-04 21:59:44.4432 | INFO | Microsoft.AspNetCore.Hosting.Diagnostics | Request starting HTTP/2 GET https://localhost:7016/swagger/swagger-ui.css - -
2025-03-04 21:59:44.4432 | INFO | Microsoft.AspNetCore.Hosting.Diagnostics | Request starting HTTP/2 GET https://localhost:7016/swagger/index.js - -
2025-03-04 21:59:44.4432 | INFO | Microsoft.AspNetCore.Hosting.Diagnostics | Request starting HTTP/2 GET https://localhost:7016/_vs/browserLink - -
2025-03-04 21:59:44.4432 | INFO | Microsoft.AspNetCore.Hosting.Diagnostics | Request starting HTTP/2 GET https://localhost:7016/swagger/swagger-ui-bundle.js - -
2025-03-04 21:59:44.4497 | INFO | Microsoft.AspNetCore.Hosting.Diagnostics | Request finished HTTP/2 GET https://localhost:7016/swagger/index.js - - - 200 - application/javascript;charset=utf-8 6.1359ms
2025-03-04 21:59:44.4497 | INFO | Microsoft.AspNetCore.Hosting.Diagnostics | Request finished HTTP/2 GET https://localhost:7016/_framework/aspnetcore-browser-refresh.js - - - 200 12379 application/javascript;+charset=utf-8 7.9471ms
2025-03-04 21:59:44.4628 | INFO | Microsoft.AspNetCore.StaticFiles.StaticFileMiddleware | Sending file. Request path: '/index.css'. Physical path: 'N/A'
2025-03-04 21:59:44.4981 | INFO | Microsoft.AspNetCore.Hosting.Diagnostics | Request finished HTTP/2 GET https://localhost:7016/swagger/index.css - - - 200 202 text/css 54.8615ms
2025-03-04 21:59:44.4981 | INFO | Microsoft.AspNetCore.StaticFiles.StaticFileMiddleware | Sending file. Request path: '/swagger-ui.css'. Physical path: 'N/A'
2025-03-04 21:59:44.5147 | INFO | Microsoft.AspNetCore.StaticFiles.StaticFileMiddleware | Sending file. Request path: '/swagger-ui-standalone-preset.js'. Physical path: 'N/A'
2025-03-04 21:59:44.5147 | INFO | Microsoft.AspNetCore.Hosting.Diagnostics | Request finished HTTP/2 GET https://localhost:7016/swagger/swagger-ui.css - - - 200 154948 text/css 79.5302ms
2025-03-04 21:59:44.5261 | INFO | Microsoft.AspNetCore.Hosting.Diagnostics | Request finished HTTP/2 GET https://localhost:7016/swagger/swagger-ui-standalone-preset.js - - - 200 229223 application/javascript 82.7836ms
2025-03-04 21:59:44.5850 | INFO | Microsoft.AspNetCore.StaticFiles.StaticFileMiddleware | Sending file. Request path: '/swagger-ui-bundle.js'. Physical path: 'N/A'
2025-03-04 21:59:44.5850 | INFO | Microsoft.AspNetCore.Hosting.Diagnostics | Request finished HTTP/2 GET https://localhost:7016/swagger/swagger-ui-bundle.js - - - 200 1466324 application/javascript 140.1950ms
2025-03-04 21:59:44.6200 | INFO | Microsoft.AspNetCore.Hosting.Diagnostics | Request finished HTTP/2 GET https://localhost:7016/_vs/browserLink - - - 200 - text/javascript;+charset=UTF-8 176.1515ms
2025-03-04 21:59:45.0692 | INFO | Microsoft.AspNetCore.Hosting.Diagnostics | Request starting HTTP/2 GET https://localhost:7016/swagger/v1/swagger.json - -
2025-03-04 21:59:45.0786 | INFO | Microsoft.AspNetCore.Hosting.Diagnostics | Request finished HTTP/2 GET https://localhost:7016/swagger/v1/swagger.json - - - 200 - application/json;charset=utf-8 9.3667ms
2025-03-04 21:59:52.5887 | INFO | Microsoft.AspNetCore.Hosting.Diagnostics | Request starting HTTP/2 GET https://localhost:7016/HelloGreeting/Greetings - -
2025-03-04 21:59:52.6275 | INFO | Microsoft.AspNetCore.Routing.EndpointMiddleware | Executing endpoint 'HelloGreetingApplication.Controllers.HelloGreetingController.Greeting (HelloGreetingApplication)'
2025-03-04 21:59:52.6415 | INFO | Microsoft.AspNetCore.Mvc.Infrastructure.ControllerActionInvoker | Route matched with {action = "Greeting", controller = "HelloGreeting"}. Executing controller action with signature Microsoft.AspNetCore.Mvc.IActionResult Greeting() on controller HelloGreetingApplication.Controllers.HelloGreetingController (HelloGreetingApplication).
2025-03-04 21:59:52.6548 | INFO | HelloGreetingApplication.Controllers.HelloGreetingController | GET request received.
2025-03-04 21:59:52.6548 | INFO | HelloGreetingApplication.Controllers.HelloGreetingController | GET response: "Hello World"
2025-03-04 21:59:52.6672 | INFO | Microsoft.AspNetCore.Mvc.Infrastructure.ObjectResultExecutor | Executing OkObjectResult, writing value of type 'System.String'.
2025-03-04 21:59:52.6672 | INFO | Microsoft.AspNetCore.Mvc.Infrastructure.ControllerActionInvoker | Executed action HelloGreetingApplication.Controllers.HelloGreetingController.Greeting (HelloGreetingApplication) in 26.9427ms
2025-03-04 21:59:52.6672 | INFO | Microsoft.AspNetCore.Routing.EndpointMiddleware | Executed endpoint 'HelloGreetingApplication.Controllers.HelloGreetingController.Greeting (HelloGreetingApplication)'
2025-03-04 21:59:52.6672 | INFO | Microsoft.AspNetCore.Hosting.Diagnostics | Request finished HTTP/2 GET https://localhost:7016/HelloGreeting/Greetings - - - 200 - text/plain;+charset=utf-8 84.2909ms
2025-03-04 22:29:02.5326 | INFO | HelloGreetingApplication.Program | Application is starting...
2025-03-04 22:29:03.1773 | INFO | Microsoft.Hosting.Lifetime | Now listening on: https://localhost:7016
2025-03-04 22:29:03.1831 | INFO | Microsoft.Hosting.Lifetime | Now listening on: http://localhost:5286
2025-03-04 22:29:03.2536 | INFO | Microsoft.Hosting.Lifetime | Application started. Press Ctrl+C to shut down.
2025-03-04 22:29:03.2536 | INFO | Microsoft.Hosting.Lifetime | Hosting environment: Development
2025-03-04 22:29:03.2536 | INFO | Microsoft.Hosting.Lifetime | Content root path: C:\Users\DELL\Desktop\uc2\GreetingApp_2115800005\HelloGreetingApplication\
2025-03-04 22:29:04.5618 | INFO | Microsoft.AspNetCore.Hosting.Diagnostics | Request starting HTTP/2 GET https://localhost:7016/swagger/index.html - -
2025-03-04 22:29:04.9234 | INFO | Microsoft.AspNetCore.Hosting.Diagnostics | Request finished HTTP/2 GET https://localhost:7016/swagger/index.html - - - 200 - text/html;charset=utf-8 369.9289ms
2025-03-04 22:29:04.9950 | INFO | Microsoft.AspNetCore.Hosting.Diagnostics | Request starting HTTP/2 GET https://localhost:7016/_vs/browserLink - -
2025-03-04 22:29:04.9950 | INFO | Microsoft.AspNetCore.Hosting.Diagnostics | Request starting HTTP/2 GET https://localhost:7016/_framework/aspnetcore-browser-refresh.js - -
2025-03-04 22:29:04.9950 | INFO | Microsoft.AspNetCore.Hosting.Diagnostics | Request starting HTTP/2 GET https://localhost:7016/swagger/index.js - -
2025-03-04 22:29:04.9950 | INFO | Microsoft.AspNetCore.Hosting.Diagnostics | Request finished HTTP/2 GET https://localhost:7016/swagger/index.js - - - 200 - application/javascript;charset=utf-8 6.9764ms
2025-03-04 22:29:04.9950 | INFO | Microsoft.AspNetCore.Hosting.Diagnostics | Request finished HTTP/2 GET https://localhost:7016/_framework/aspnetcore-browser-refresh.js - - - 200 12379 application/javascript;+charset=utf-8 8.0458ms
2025-03-04 22:29:05.1386 | INFO | Microsoft.AspNetCore.Hosting.Diagnostics | Request finished HTTP/2 GET https://localhost:7016/_vs/browserLink - - - 200 - text/javascript;+charset=UTF-8 143.4848ms
2025-03-04 22:29:05.3541 | INFO | Microsoft.AspNetCore.Hosting.Diagnostics | Request starting HTTP/2 GET https://localhost:7016/swagger/v1/swagger.json - -
2025-03-04 22:29:05.3541 | INFO | Microsoft.AspNetCore.Hosting.Diagnostics | Request finished HTTP/2 GET https://localhost:7016/swagger/v1/swagger.json - - - 200 - application/json;charset=utf-8 12.3673ms
2025-03-04 22:29:48.0968 | INFO | HelloGreetingApplication.Program | Application is starting...
2025-03-04 22:29:48.6544 | INFO | Microsoft.Hosting.Lifetime | Now listening on: https://localhost:7016
2025-03-04 22:29:48.6648 | INFO | Microsoft.Hosting.Lifetime | Now listening on: http://localhost:5286
2025-03-04 22:29:48.7209 | INFO | Microsoft.Hosting.Lifetime | Application started. Press Ctrl+C to shut down.
2025-03-04 22:29:48.7209 | INFO | Microsoft.Hosting.Lifetime | Hosting environment: Development
2025-03-04 22:29:48.7209 | INFO | Microsoft.Hosting.Lifetime | Content root path: C:\Users\DELL\Desktop\uc2\GreetingApp_2115800005\HelloGreetingApplication\
2025-03-04 22:29:49.1925 | INFO | Microsoft.AspNetCore.Hosting.Diagnostics | Request starting HTTP/2 GET https://localhost:7016/swagger/index.html - -
2025-03-04 22:29:49.4414 | INFO | Microsoft.AspNetCore.Hosting.Diagnostics | Request finished HTTP/2 GET https://localhost:7016/swagger/index.html - - - 200 - text/html;charset=utf-8 250.9945ms
2025-03-04 22:29:49.5049 | INFO | Microsoft.AspNetCore.Hosting.Diagnostics | Request starting HTTP/2 GET https://localhost:7016/swagger/index.js - -
2025-03-04 22:29:49.5088 | INFO | Microsoft.AspNetCore.Hosting.Diagnostics | Request finished HTTP/2 GET https://localhost:7016/swagger/index.js - - - 200 - application/javascript;charset=utf-8 3.8880ms
2025-03-04 22:29:49.5088 | INFO | Microsoft.AspNetCore.Hosting.Diagnostics | Request starting HTTP/2 GET https://localhost:7016/_framework/aspnetcore-browser-refresh.js - -
2025-03-04 22:29:49.5088 | INFO | Microsoft.AspNetCore.Hosting.Diagnostics | Request finished HTTP/2 GET https://localhost:7016/_framework/aspnetcore-browser-refresh.js - - - 200 12379 application/javascript;+charset=utf-8 5.0498ms
2025-03-04 22:29:49.5088 | INFO | Microsoft.AspNetCore.Hosting.Diagnostics | Request starting HTTP/2 GET https://localhost:7016/_vs/browserLink - -
2025-03-04 22:29:49.5628 | INFO | Microsoft.AspNetCore.Hosting.Diagnostics | Request finished HTTP/2 GET https://localhost:7016/_vs/browserLink - - - 200 - text/javascript;+charset=UTF-8 39.5523ms
2025-03-04 22:29:49.7538 | INFO | Microsoft.AspNetCore.Hosting.Diagnostics | Request starting HTTP/2 GET https://localhost:7016/swagger/v1/swagger.json - -
2025-03-04 22:29:49.7622 | INFO | Microsoft.AspNetCore.Hosting.Diagnostics | Request finished HTTP/2 GET https://localhost:7016/swagger/v1/swagger.json - - - 200 - application/json;charset=utf-8 8.3826ms
2025-03-04 22:29:49.7833 | INFO | Microsoft.AspNetCore.Hosting.Diagnostics | Request starting HTTP/2 GET https://localhost:7016/swagger/favicon-32x32.png - -
2025-03-04 22:29:49.8045 | INFO | Microsoft.AspNetCore.StaticFiles.StaticFileMiddleware | Sending file. Request path: '/favicon-32x32.png'. Physical path: 'N/A'
2025-03-04 22:29:49.8050 | INFO | Microsoft.AspNetCore.Hosting.Diagnostics | Request finished HTTP/2 GET https://localhost:7016/swagger/favicon-32x32.png - - - 200 628 image/png 21.7023ms
2025-03-04 22:30:29.2856 | INFO | Microsoft.AspNetCore.Hosting.Diagnostics | Request starting HTTP/2 POST https://localhost:7016/HelloGreeting/GreetingsByName application/json 51
2025-03-04 22:30:29.3656 | INFO | Microsoft.AspNetCore.Routing.EndpointMiddleware | Executing endpoint 'HelloGreetingApplication.Controllers.HelloGreetingController.GreetingByName (HelloGreetingApplication)'
2025-03-04 22:30:29.4299 | INFO | Microsoft.AspNetCore.Mvc.Infrastructure.ControllerActionInvoker | Route matched with {action = "GreetingByName", controller = "HelloGreeting"}. Executing controller action with signature Microsoft.AspNetCore.Mvc.IActionResult GreetingByName(ModelLayer.Model.GreetingRequestModel) on controller HelloGreetingApplication.Controllers.HelloGreetingController (HelloGreetingApplication).
2025-03-04 22:30:29.5126 | INFO | HelloGreetingApplication.Controllers.HelloGreetingController | GET request received.
2025-03-04 22:30:29.5126 | INFO | HelloGreetingApplication.Controllers.HelloGreetingController | GET response: "Hello string string"
2025-03-04 22:30:29.5426 | INFO | Microsoft.AspNetCore.Mvc.Infrastructure.ObjectResultExecutor | Executing OkObjectResult, writing value of type 'System.String'.
2025-03-04 22:30:29.5550 | INFO | Microsoft.AspNetCore.Mvc.Infrastructure.ControllerActionInvoker | Executed action HelloGreetingApplication.Controllers.HelloGreetingController.GreetingByName (HelloGreetingApplication) in 115.111ms
2025-03-04 22:30:29.5550 | INFO | Microsoft.AspNetCore.Routing.EndpointMiddleware | Executed endpoint 'HelloGreetingApplication.Controllers.HelloGreetingController.GreetingByName (HelloGreetingApplication)'
2025-03-04 22:30:29.5550 | INFO | Microsoft.AspNetCore.Hosting.Diagnostics | Request finished HTTP/2 POST https://localhost:7016/HelloGreeting/GreetingsByName application/json 51 - 200 - text/plain;+charset=utf-8 270.6687ms
2025-03-04 22:30:38.3455 | INFO | Microsoft.AspNetCore.Hosting.Diagnostics | Request starting HTTP/2 POST https://localhost:7016/HelloGreeting/GreetingsByName application/json 45
2025-03-04 22:30:38.3455 | INFO | Microsoft.AspNetCore.Routing.EndpointMiddleware | Executing endpoint 'HelloGreetingApplication.Controllers.HelloGreetingController.GreetingByName (HelloGreetingApplication)'
2025-03-04 22:30:38.3534 | INFO | Microsoft.AspNetCore.Mvc.Infrastructure.ControllerActionInvoker | Route matched with {action = "GreetingByName", controller = "HelloGreeting"}. Executing controller action with signature Microsoft.AspNetCore.Mvc.IActionResult GreetingByName(ModelLayer.Model.GreetingRequestModel) on controller HelloGreetingApplication.Controllers.HelloGreetingController (HelloGreetingApplication).
2025-03-04 22:30:38.3534 | INFO | HelloGreetingApplication.Controllers.HelloGreetingController | GET request received.
2025-03-04 22:30:38.3534 | INFO | HelloGreetingApplication.Controllers.HelloGreetingController | GET response: "Hello string"
2025-03-04 22:30:38.3534 | INFO | Microsoft.AspNetCore.Mvc.Infrastructure.ObjectResultExecutor | Executing OkObjectResult, writing value of type 'System.String'.
2025-03-04 22:30:38.3534 | INFO | Microsoft.AspNetCore.Mvc.Infrastructure.ControllerActionInvoker | Executed action HelloGreetingApplication.Controllers.HelloGreetingController.GreetingByName (HelloGreetingApplication) in 5.3482ms
2025-03-04 22:30:38.3534 | INFO | Microsoft.AspNetCore.Routing.EndpointMiddleware | Executed endpoint 'HelloGreetingApplication.Controllers.HelloGreetingController.GreetingByName (HelloGreetingApplication)'
2025-03-04 22:30:38.3534 | INFO | Microsoft.AspNetCore.Hosting.Diagnostics | Request finished HTTP/2 POST https://localhost:7016/HelloGreeting/GreetingsByName application/json 45 - 200 - text/plain;+charset=utf-8 14.4538ms
2025-03-04 22:30:44.8330 | INFO | Microsoft.AspNetCore.Hosting.Diagnostics | Request starting HTTP/2 POST https://localhost:7016/HelloGreeting/GreetingsByName application/json 39
2025-03-04 22:30:44.8375 | INFO | Microsoft.AspNetCore.Routing.EndpointMiddleware | Executing endpoint 'HelloGreetingApplication.Controllers.HelloGreetingController.GreetingByName (HelloGreetingApplication)'
2025-03-04 22:30:44.8375 | INFO | Microsoft.AspNetCore.Mvc.Infrastructure.ControllerActionInvoker | Route matched with {action = "GreetingByName", controller = "HelloGreeting"}. Executing controller action with signature Microsoft.AspNetCore.Mvc.IActionResult GreetingByName(ModelLayer.Model.GreetingRequestModel) on controller HelloGreetingApplication.Controllers.HelloGreetingController (HelloGreetingApplication).
2025-03-04 22:30:44.8375 | INFO | HelloGreetingApplication.Controllers.HelloGreetingController | GET request received.
2025-03-04 22:30:44.8375 | INFO | HelloGreetingApplication.Controllers.HelloGreetingController | GET response: "Hello World"
2025-03-04 22:30:44.8375 | INFO | Microsoft.AspNetCore.Mvc.Infrastructure.ObjectResultExecutor | Executing OkObjectResult, writing value of type 'System.String'.
2025-03-04 22:30:44.8375 | INFO | Microsoft.AspNetCore.Mvc.Infrastructure.ControllerActionInvoker | Executed action HelloGreetingApplication.Controllers.HelloGreetingController.GreetingByName (HelloGreetingApplication) in 6.7887ms
2025-03-04 22:30:44.8375 | INFO | Microsoft.AspNetCore.Routing.EndpointMiddleware | Executed endpoint 'HelloGreetingApplication.Controllers.HelloGreetingController.GreetingByName (HelloGreetingApplication)'
2025-03-04 22:30:44.8375 | INFO | Microsoft.AspNetCore.Hosting.Diagnostics | Request finished HTTP/2 POST https://localhost:7016/HelloGreeting/GreetingsByName application/json 39 - 200 - text/plain;+charset=utf-8 13.7040ms
2025-03-04 23:00:04.9084 | INFO | Microsoft.Hosting.Lifetime | Application is shutting down...
